<?xml version="1.0" encoding="UTF-8"?>
<!-- Generated by org.testng.reporters.JUnitReportReporter -->
<testsuite name="Academy.ProductDetailPage" tests="1" time="272.174" ignored="0" failures="0" timestamp="27 Jun 2020 20:02:12 GMT" skipped="0" hostname="LIN17001712" errors="0">
  <testcase name="MouseHover" time="272.174" classname="Academy.ProductDetailPage"/>
</testsuite> <!-- Academy.ProductDetailPage -->
