<?xml version="1.0" encoding="UTF-8"?>
<!-- Generated by org.testng.reporters.JUnitReportReporter -->
<testsuite name="Academy.HomePage" tests="1" time="0.577" ignored="0" failures="0" timestamp="27 Jun 2020 21:32:54 GMT" skipped="0" hostname="LIN17001712" errors="0">
  <testcase name="basePageNavigation" time="0.577" classname="Academy.HomePage"/>
</testsuite> <!-- Academy.HomePage -->
