<?xml version="1.0" encoding="UTF-8"?>
<!-- Generated by org.testng.reporters.JUnitReportReporter -->
<testsuite name="Academy.Filtters" tests="1" time="0.437" ignored="0" failures="0" timestamp="28 Jun 2020 14:21:38 GMT" skipped="0" hostname="LIN17001712" errors="0">
  <testcase name="Filter" time="0.437" classname="Academy.Filtters"/>
</testsuite> <!-- Academy.Filtters -->
