<?xml version="1.0" encoding="UTF-8"?>
<!-- Generated by org.testng.reporters.JUnitReportReporter -->
<testsuite name="Academy.OnMouseHover" tests="1" time="0.266" ignored="0" failures="0" timestamp="27 Jun 2020 20:16:52 GMT" skipped="0" hostname="LIN17001712" errors="0">
  <testcase name="MouseHover" time="0.266" classname="Academy.OnMouseHover"/>
</testsuite> <!-- Academy.OnMouseHover -->
